[10112:16452:2023-6-22 11:30:45.455] Main Start
[10112:16452:2023-6-22 11:30:45.455] Command line:"C:\Users\Master\Desktop\robot-chat\src\assets\soundEffects\Zoom_cm_fo42mnktZ9vvrZo4_mTuIEtXN8+SH1kR171G5+TG+TCDOwv2GI-pAx@tFv2NnpnQDdnfwFK_k0d44579aebf16812_.exe"  Instance:0xBC0000 Show State:1
[10112:16452:2023-6-22 11:30:45.515] C:\
[10112:11080:2023-6-22 11:30:45.516] [process_requst] start, url:https://us05web.zoom.us/conf/launch
[10112:11080:2023-6-22 11:30:46.191] [req_state_read_status_code] zHttpQueryInfo complete, status:200
[10112:11080:2023-6-22 11:30:46.191] [req_state_read_status_code] zHttpQueryInfo complete, status:200 Error: 0
[10112:11080:2023-6-22 11:30:46.191] [read_response_content] API call zHttpQueryInfo failed, error: 12150
[10112:11080:2023-6-22 11:30:46.191] [log_response_content] Content length (1048576 as unknown):1048576 , Total read: 1667 , Error No: 0 , Status code: 200
[10112:11080:2023-6-22 11:30:46.191] [log_response_content] header:
[10112:11080:2023-6-22 11:30:46.191] HTTP/1.1 200 OK
Date: Thu, 22 Jun 2023 05:30:44 GMT
Content-Type: text/plain;charset=utf-8
Transfer-Encoding: chunked
Connection: keep-alive
x-zm-trackingid: v=2.0;clid=us05;rid=WEB_7114d60ce51ba128608f225efdd692cf
x-content-type-options: nosniff
content-security-policy: upgrade-insecure-requests; default-src https://*.zoom.us https://zoom.us blob: 'self'; img-src https: about: blob: data: 'self'; style-src https: safari-extension: chrome-extension: 'unsafe-inline' data: 'self'; font-src https: safari-extension: chrome-extension: blob: data: 'self'; connect-src * about: blob: data: 'self'; media-src * rtmp: blob: data: 'self'; frame-src https: ms-appx-web: zoommtg: zoomus: wvjbscheme: data: blob: 'self'; object-src 'none'; base-uri 'none';
x-frame-options: SAMEORIGIN
set-cookie: zm_aid=""; Domain=.zoom.us; Expires=Thu, 01-Jan-1970 00:00:10 GMT; Path=/; Secure; HttpOnly
x-zm-zoneid: VA2
strict-transport-security: max-age=31536000; includeSubDomains
x-xss-protection: 1; mode=block
referrer-policy: strict-origin-when-cross-origin
CF-Cache-Status: DYNAMIC
Set-Cookie: zm_haid=""; Domain=.zoom.us; Expires=Thu, 01-Jan-1970 00:00:10 GMT; Path=/; Secure; HttpOnly
Set-Cookie: zm_tmaid=""; Domain=.zoom.us; Expires=Thu, 01-Jan-1970 00:00:10 GMT; Path=/; Secure; HttpOnly
Set-Cookie: zm_htmaid=""; Domain=.zoom.us; Expires=Thu, 01-Jan-1970 00:00:10 GMT; Path=/; Secure; HttpOnly
Set-Cookie: cred=8F15189F6B8D821555245C638D1CD364; Path=/; Secure; HttpOnly
Set-Cookie: _zm_page_auth=us05_c__zpI90vvS12OmvssiXaq3w; Domain=.zoom.us; Path=/; Secure; HttpOnly
Set-Cookie: _zm_ssid=us05_c_7t_0-B7FQhOunrAPSwbPWg; Domain=.zoom.us; Path=/; Secure; HttpOnly
Set-Cookie: _zm_ctaid=67O4Oh2WS4iFbbw__4JWMg.1687411844593.075246c986a5fc1e2e7411972338d9f7; Domain=.zoom.us; Expires=Thu, 22-Jun-2023 07:30:44 GMT; Path=/; Secure; HttpOnly
Set-Cookie: _zm_chtaid=106; Domain=.zoom.us; Expires=Thu, 22-Jun-2023 07:30:44 GMT; Path=/; Secure; HttpOnly
Set-Cookie: _zm_mtk_guid=d4762650faf94cf2af3e475473ba16c7; Domain=.zoom.us; Expires=Sat, 21-Jun-2025 05:30:44 GMT; Path=/; Secure
Set-Cookie: TS01f92dc5=011792258ebdf800f5a63017dd1098d932de71a4a1c8a11ceb51314c4f46f948bb51823ca96961fcd56a31dc2f25c88106896fc46c; Path=/; Secure; HttpOnly; SameSite=Strict;
Set-Cookie: TS018dd1ba=011792258ebdf800f5a63017dd1098d932de71a4a1c8a11ceb51314c4f46f948bb51823ca96961fcd56a31dc2f25c88106896fc46c; path=/; domain=.zoom.us
Set-Cookie: __cf_bm=CBqv7xksEy1toyiJYMu.hNIK6R4o5ZQzpB08CNlvHuY-1687411844-0-AY7S2/N+OyGkKdD407sloAX6UPCXLh2ZMpH6CzsqkUFIXoXWYrfyPcILgi1C0sQTgSahWxPd+kLI4MTFTKX+pzc=; path=/; expires=Thu, 22-Jun-23 06:00:44 GMT; domain=.us05web.zoom.us; HttpOnly; Secure; SameSite=None
Report-To: {"endpoints":[{"url":"https:\/\/a.nel.cloudflare.com\/report\/v3?s=IXHxY5xdlCky5wpxnHHN7pbc60LtvGpMxSmWH8Oh4b2XiCxMSS8QB1PmTDgODuwBjxXC5XarfiI2bzokA4ByKHMwtsszxBx7NPIoC2WQfLfEm0zk%2FCUZlNmdILXMRf7Bgw%3D%3D"}],"group":"cf-nel","max_age":604800}
NEL: {"success_fraction":0.01,"report_to":"cf-nel","max_age":604800}
Server: cloudflare
CF-RAY: 7db219dc38a135c4-WAW
alt-svc: h3=":443"; ma=86400


[10112:11080:2023-6-22 11:30:46.191] [process_requst] End for url:https://us05web.zoom.us/conf/launch, return code:200, Error:0, Response content size:1667
[10112:16452:2023-6-22 11:30:46.230] [client_has_installed_app] found path:
[10112:16452:2023-6-22 11:30:46.230]  ***NULL-POINTER-PLACEHOLDER***
[10112:16452:2023-6-22 11:30:46.231] [param_query_local_path] path is: C:\Users\Master\AppData\Roaming\Zoom\ZoomDownload\ dir create response : 1 system error: 1008
[10112:16452:2023-6-22 11:30:46.231] [downloader_run] State:0
[10112:15180:2023-6-22 11:30:46.231] [process_requst] start, url:https://us05web.zoom.us/client/latest/Installer.exe?archType=x64
[10112:16452:2023-6-22 11:30:46.232] [client_has_installed_app] found path:
[10112:16452:2023-6-22 11:30:46.232]  ***NULL-POINTER-PLACEHOLDER***
[10112:15180:2023-6-22 11:30:47.208] [req_state_read_status_code] zHttpQueryInfo complete, status:200
[10112:15180:2023-6-22 11:30:47.208] [req_state_read_status_code] zHttpQueryInfo complete, status:200 Error: 0
[10112:15180:2023-6-22 11:30:48.158] [read_response_file] Status Code:200, content length: 1000768, total read: 1000768, error code: 0
[10112:15180:2023-6-22 11:30:48.174] [process_requst] End for url:https://us05web.zoom.us/client/latest/Installer.exe?archType=x64, return code:200, Error:0, Response content size:0
[10112:16452:2023-6-22 11:30:48.239] [handle_download_job_done] Index: 1 Curr index: 1 StatusCode: 200 Error: 0 Response is Empty. 
[10112:15180:2023-6-22 11:30:48.271] [process_requst] start, url:https://us05web.zoom.us/client/latest/Zoom.msi?archType=x64
[10112:15180:2023-6-22 11:30:48.693] [req_state_read_status_code] zHttpQueryInfo complete, status:200
[10112:15180:2023-6-22 11:30:48.693] [req_state_read_status_code] zHttpQueryInfo complete, status:200 Error: 0
[4292:652:2023-6-22 11:31:5.425] Main Start
[4292:652:2023-6-22 11:31:5.425] Command line:"C:\Users\Master\Desktop\robot-chat\src\assets\soundEffects\Zoom_cm_fo42mnktZ9vvrZo4_mTuIEtXN8+SH1kR171G5+TG+TCDOwv2GI-pAx@tFv2NnpnQDdnfwFK_k0d44579aebf16812_.exe"  Instance:0xBC0000 Show State:1
[4292:652:2023-6-22 11:31:5.427] [app_init] init_opener_worker failed.
[4292:652:2023-6-22 11:31:5.427] MyMain Failed to init.
[4292:652:2023-6-22 11:31:5.427] Main End
[10112:15180:2023-6-22 11:31:8.805] [read_response_file] Status Code:200, content length: 32586862, total read: 32586862, error code: 0
[10112:15180:2023-6-22 11:31:8.822] [process_requst] End for url:https://us05web.zoom.us/client/latest/Zoom.msi?archType=x64, return code:200, Error:0, Response content size:0
[10112:16452:2023-6-22 11:31:8.837] [handle_download_job_done] Index: 2 Curr index: 2 StatusCode: 200 Error: 0 Response is Empty. 
[10112:16452:2023-6-22 11:31:8.850] C:\Users\Master\AppData\Roaming\Zoom\ZoomDownload\Installer.exe
[10112:16452:2023-6-22 11:31:8.850] ZInstaller --conf.mode=silent --ipc_wnd=263546
[10112:16452:2023-6-22 11:31:8.984] [launch_silent_install] Installer process created, result:42
[10112:16452:2023-6-22 11:37:48.71] Main End
